Arguments: 
  C:\Program Files\nodejs\node.exe C:\Users\aas_8\AppData\Roaming\npm\node_modules\yarn\bin\yarn.js install

PATH: 
  C:\Users\aas_8\AppData\Local\cloud-code\installer\google-cloud-sdk\bin;C:\Python311\Scripts\;C:\Python311\;C:\WINDOWS\system32;C:\WINDOWS;C:\WINDOWS\System32\Wbem;C:\WINDOWS\System32\WindowsPowerShell\v1.0\;C:\WINDOWS\System32\OpenSSH\;C:\Program Files\dotnet\;%NVM_HOME%;%NVM_SYMLINK%;C:\ProgramData\chocolatey\bin;;C:\Program Files\Amazon\AWSCLIV2\;C:\Program Files\Docker\Docker\resources\bin;C:\Program Files\nodejs\;C:\Users\aas_8\AppData\Local\Microsoft\WindowsApps;C:\Users\aas_8\AppData\Local\Programs\Microsoft VS Code\bin;C:\Users\aas_8\AppData\Local\GitHubDesktop\bin;C:\Users\aas_8\AppData\Roaming\nvm;C:\Program Files\nodejs;C:\Program Files\heroku\bin;C:\Users\aas_8\AppData\Roaming\npm

Yarn version: 
  1.22.19

Node version: 
  16.20.1

Platform: 
  win32 x64

Trace: 
  SyntaxError: C:\Users\aas_8\Desktop\strapi 4\package.json: Unexpected token } in JSON at position 536
      at JSON.parse (<anonymous>)
      at C:\Users\aas_8\AppData\Roaming\npm\node_modules\yarn\lib\cli.js:1629:59
      at Generator.next (<anonymous>)
      at step (C:\Users\aas_8\AppData\Roaming\npm\node_modules\yarn\lib\cli.js:310:30)
      at C:\Users\aas_8\AppData\Roaming\npm\node_modules\yarn\lib\cli.js:321:13

npm manifest: 
  {
    "name": "my-project",
    "private": true,
    "version": "0.1.0",
    "description": "A Strapi application",
    "scripts": {
      "develop": "strapi develop",
      "start": "strapi start",
      "build": "strapi build",
      "strapi": "strapi"
    },
    
    "devDependencies": {
      "axios": "^1.5.0",
      "knex": "^2.5.1",
      "pg-connection-string": "^2.6.2"
  
    },
    
    "dependencies": {
      "@strapi/strapi": "4.13.7",
      "@strapi/plugin-users-permissions": "4.13.7",
      "@strapi/plugin-i18n": "4.13.7",
      "better-sqlite3": "8.6.0",
      
    },
  
    "author": {
      "name": "A Strapi developer"
    },
    "strapi": {
      "uuid": "269ea663-7a1c-4176-a8fe-f766e29cf9e8"
    },
    "engines": {
      "node": "16.20.1",
      "npm": "9.6.6"
    },
    "license": "MIT"
  }

yarn manifest: 
  No manifest

Lockfile: 
  No lockfile
